
# CHANGELOG / MIGRATION NOTES :: SMART.FRAMEWORK.MODULES #
## This apply onlt for for Milestone Releases

January 21, 2020 :: Version 5.7.2
	* optimizations (req. PHP 7.2 or later)

December 18, 2019 :: Version 5.2.7 rev.191218
	* SmartArchiverLZS (PHP) and SmartJS_Archiver_LZS (Js) moved to modules

December 17, 2019 :: Version 5.2.7 rev.191217
	* Barcodes moved to mod-barcodes
	* Captcha completely rewritten to support plugins (default uses SVG captcha) ; captcha image + fonts moved to mod-captcha

December 05, 2019 :: Version 5.2.7 rev.191205
	* PHP 7.4 ready

November 26, 2019 :: Version 5.2.7 rev.191126
	* New documentation for PHP and Javascript
	* Renamed lib/js/framework/smart-framework.js to lib/js/framework/smart-framework.pak.js

November 16, 2019 :: Version 5.2.7 rev.191116
	* Security Fix: Safe Set CA File in several Client Libs

November 09, 2019 :: Version 5.2.7
	* Migrate Markers-TPL from v3 to v5 (stable)
	* Fixes for Smart.Framework v5 (stable)

October 22, 2019 :: Version 3.7.8 # rev.2019.10.22
	* new modules: mod-tpl, mod-tpl-dust, mod-documentor, mod-soap
	* fixes, optimizations

February 07, 2019 :: Version 3.7.8 # rev.190207
	* changed the license to multi-licensing (see LICENSE)

January 03, 2019 :: Version 3.7.8
	* new modules: NetteLatte, MapsCache, UI Bootstrap v4
	* new app modules: Agile, SVN
	* moved lib MySQL / MariaDB from Smart.Framework.Modules to Smart.Framework
	* bug fixes and optimizations
	* fix compatibility with PHP 7.3 for all code
	* updated: vendor, TplTwig, ZendDBAL, SmTwiter, SmFacebook

October 10, 2018 :: Version 3.7.7
	* new modules: ZendDBAL, TplTypo3Fluid
	* new app modules: Cloud, PageBuilder
	* bug fixes and optimizations

March 09, 2018 :: Version 3.7.5
	* optimizations and fixes

Sep 27, 2017 :: Version 3.5.7
	* new modules
	* bug fixes and optimizations

May 12, 2017 :: Version 3.5.1
	* a refactored release

Apr, 11, 2017 :: Version 3.1.2
	* a bug fix release

Apr, 10, 2017 :: Version 3.1
	* Release / Stable
	* removed deprecated Mongo Client Library

Feb, 19, 2016 :: Version 2.3
	* Release / Stable (switch to SVN ; keep GIT just for public ...)

Feb, 05, 2016 :: Version 2.2
	* INFO: this is a bug-fix release for the version 2.1 branch, you are encouraged to use this version as soon as possbile
	* security:
		* the MySQL database driver is now using automate fix for UTF-8 charset using SmartUnicode::utf8_fix_charset() embedded in the Escaping functions to make it 100% safe ...

Jan 19, 2016 :: Version 2.1
	* The Twig templating constructor have been changed, modules adapted to work with Smart.Framework v.2.1 and later

#####

Dec 15, 2015 :: Version 1.5
	* backward incompatible changes:
		* in the MySQLi driver, the functions read_adata() and read_asdata() have been rotated each other,
			thus the new read_adata() since version 1.5 is now behaving like the old read_asdata() in versions prior to 1.5 ;
			and the new read_asdata() since version 1.5 is now behaving like the old read_adata() in versions prior to 1.5;
			- the new read_adata() since version 1.5: Read Associative Multiple Rows :: returns array(0 => array('column1', 'column2', ... 'column-n'), 1 => array('column1', 'column2', ... 'column-n'), ..., m => array('column1', 'column2', ... 'column-n'))
			- the new read_asdata() since version 1.5: Read Associative Single (one) Rows :: Throws Error if more records are returned by SQL :: returns a single row as array('column1', 'column2', ... 'column-n')
			(this come as a result from many users of these framework to make this function names more easy to remember)
			thus, this will remain finally as it is now since version 1.5
	* optimizations:
		* more than 100 lines of code changed, to speed-up or optimize some areas
		* database drivers: MySQLi, Mongo and Solr are now re-using the connections for the same server:port@db#user

Nov 30, 2015 :: Version 1.3
	* backward incompatible changes:
		* renamed the class: SmartMysqliObjDb to SmartMysqliExtDb
	* optimizations:
		* code optimizations in many classes, execution time is better with ~10%
	* documentation:
		* the documentation is available here: http://demo.unix-world.org/smart-framework.docs/

June 5, 2015 :: Version 1.2

March 07, 2015 :: Version 1.1

March 17, 2009 :: Version 0.1

# END #
